#
# There is insufficient memory for the Java Runtime Environment to continue.
# Native memory allocation (malloc) failed to allocate 1029136 bytes for Chunk::new
# Possible reasons:
#   The system is out of physical RAM or swap space
#   In 32 bit mode, the process size limit was hit
# Possible solutions:
#   Reduce memory load on the system
#   Increase physical memory or swap space
#   Check if swap backing store is full
#   Use 64 bit Java on a 64 bit OS
#   Decrease Java heap size (-Xmx/-Xms)
#   Decrease number of Java threads
#   Decrease Java thread stack sizes (-Xss)
#   Set larger code cache with -XX:ReservedCodeCacheSize=
# This output file may be truncated or incomplete.
#
#  Out of Memory Error (allocation.cpp:323), pid=11968, tid=16940
#
# JRE version: Java(TM) SE Runtime Environment (7.0_71-b14) (build 1.7.0_71-b14)
# Java VM: Java HotSpot(TM) 64-Bit Server VM (24.71-b01 mixed mode windows-amd64 compressed oops)
# Failed to write core dump. Minidumps are not enabled by default on client versions of Windows
#

---------------  T H R E A D  ---------------

Current thread (0x00000000083e5800):  JavaThread "C2 CompilerThread1" daemon [_thread_in_native, id=16940, stack(0x0000000009a60000,0x0000000009b60000)]

Stack: [0x0000000009a60000,0x0000000009b60000]
[error occurred during error reporting (printing stack bounds), id 0xc0000005]


Current CompileTask:
C2:20341617 2927             com.android.utils.XmlUtils::append (471 bytes)


---------------  P R O C E S S  ---------------

Java Threads: ( => current thread )
  0x000000000a016800 JavaThread "Stdin handler" [_thread_blocked, id=14968, stack(0x000000000d4b0000,0x000000000d5b0000)]
  0x000000000a015800 JavaThread "Daemon worker Thread 22" [_thread_in_vm, id=14120, stack(0x000000000c1e0000,0x000000000c2e0000)]
  0x000000000a018000 JavaThread "Cancel handler" [_thread_blocked, id=10712, stack(0x000000000c0e0000,0x000000000c1e0000)]
  0x000000000a012800 JavaThread "Handler for socket connection from /127.0.0.1:37983 to /127.0.0.1:22315" [_thread_in_native, id=12084, stack(0x000000000bfe0000,0x000000000c0e0000)]
  0x000000000a013000 JavaThread "Daemon Thread 22" [_thread_blocked, id=10684, stack(0x000000000bee0000,0x000000000bfe0000)]
  0x000000000a019800 JavaThread "File lock request listener" [_thread_in_native, id=9628, stack(0x000000000c3e0000,0x000000000c4e0000)]
  0x000000000a015000 JavaThread "Incoming local TCP Connector on port 37983" [_thread_in_native, id=5744, stack(0x000000000bde0000,0x000000000bee0000)]
  0x00000000083eb000 JavaThread "Service Thread" daemon [_thread_blocked, id=11652, stack(0x0000000009b60000,0x0000000009c60000)]
=>0x00000000083e5800 JavaThread "C2 CompilerThread1" daemon [_thread_in_native, id=16940, stack(0x0000000009a60000,0x0000000009b60000)]
  0x00000000083e2800 JavaThread "C2 CompilerThread0" daemon [_thread_blocked, id=15856, stack(0x0000000009960000,0x0000000009a60000)]
  0x00000000083e1800 JavaThread "Attach Listener" daemon [_thread_blocked, id=2104, stack(0x0000000009860000,0x0000000009960000)]
  0x00000000083de800 JavaThread "Signal Dispatcher" daemon [_thread_blocked, id=10496, stack(0x0000000009760000,0x0000000009860000)]
  0x00000000083ae800 JavaThread "Finalizer" daemon [_thread_blocked, id=11456, stack(0x0000000009660000,0x0000000009760000)]
  0x00000000083a5800 JavaThread "Reference Handler" daemon [_thread_blocked, id=6808, stack(0x0000000009560000,0x0000000009660000)]
  0x0000000001e50800 JavaThread "main" [_thread_blocked, id=10668, stack(0x0000000001d50000,0x0000000001e50000)]

Other Threads:
  0x00000000083a0800 VMThread [stack: 0x0000000009460000,0x0000000009560000] [id=11028]
  0x0000000008418800 WatcherThread [stack: 0x0000000009c60000,0x0000000009d60000] [id=14000]

VM state:not at safepoint (normal execution)

VM Mutex/Monitor currently owned by a thread: None

Heap
 PSYoungGen      total 285184K, used 206665K [0x00000000eaa80000, 0x0000000100000000, 0x0000000100000000)
  eden space 233984K, 88% used [0x00000000eaa80000,0x00000000f74525e8,0x00000000f8f00000)
  from space 51200K, 0% used [0x00000000fce00000,0x00000000fce00000,0x0000000100000000)
  to   space 57856K, 0% used [0x00000000f8f00000,0x00000000f8f00000,0x00000000fc780000)
 ParOldGen       total 237568K, used 157255K [0x00000000c0000000, 0x00000000ce800000, 0x00000000eaa80000)
  object space 237568K, 66% used [0x00000000c0000000,0x00000000c9991ca0,0x00000000ce800000)
 PSPermGen       total 251904K, used 225820K [0x00000000b0000000, 0x00000000bf600000, 0x00000000c0000000)
  object space 251904K, 89% used [0x00000000b0000000,0x00000000bdc87218,0x00000000bf600000)

Card table byte_map: [0x0000000004f50000,0x00000000051e0000] byte_map_base: 0x00000000049d0000

Polling page: 0x0000000000410000

Code Cache  [0x0000000001f50000, 0x00000000029f0000, 0x0000000004f50000)
 total_blobs=3213 nmethods=2575 adapters=589 free_code_cache=38452Kb largest_free_block=39250944

Compilation events (10 events):
Event: 20336.669 Thread 0x00000000083e2800 nmethod 2922 0x00000000029d5010 code [0x00000000029d5180, 0x00000000029d5498]
Event: 20336.699 Thread 0x00000000083e5800 2923             com.google.common.collect.AbstractMapBasedMultimap$WrappedCollection$WrappedIterator::hasNext (14 bytes)
Event: 20336.701 Thread 0x00000000083e5800 nmethod 2923 0x00000000029b2510 code [0x00000000029b2660, 0x00000000029b2728]
Event: 20336.705 Thread 0x00000000083e2800 2924             com.android.ide.common.res2.NodeUtils::updateNamespace (161 bytes)
Event: 20336.715 Thread 0x00000000083e5800 2925             com.android.ide.common.res2.NodeUtils::processSingleNodeNamespace (114 bytes)
Event: 20336.717 Thread 0x00000000083e5800 nmethod 2925 0x00000000029b20d0 code [0x00000000029b2220, 0x00000000029b23b8]
Event: 20336.742 Thread 0x00000000083e5800 2926             com.android.ide.common.res2.NodeUtils::processSingleNodeNamespace (114 bytes)
Event: 20336.744 Thread 0x00000000083e5800 nmethod 2926 0x00000000029d8790 code [0x00000000029d88e0, 0x00000000029d8a58]
Event: 20336.753 Thread 0x00000000083e5800 2927             com.android.utils.XmlUtils::append (471 bytes)
Event: 20336.782 Thread 0x00000000083e2800 nmethod 2924 0x00000000029dd790 code [0x00000000029dda80, 0x00000000029df540]

GC Heap History (10 events):
Event: 20042.024 GC heap before
{Heap before GC invocations=75 (full 22):
 PSYoungGen      total 295424K, used 36147K [0x00000000eaa80000, 0x00000000ffd80000, 0x0000000100000000)
  eden space 244736K, 0% used [0x00000000eaa80000,0x00000000eaa80000,0x00000000f9980000)
  from space 50688K, 71% used [0x00000000f9980000,0x00000000fbcccfa0,0x00000000fcb00000)
  to   space 51200K, 0% used [0x00000000fcb80000,0x00000000fcb80000,0x00000000ffd80000)
 ParOldGen       total 237568K, used 124589K [0x00000000c0000000, 0x00000000ce800000, 0x00000000eaa80000)
  object space 237568K, 52% used [0x00000000c0000000,0x00000000c79ab628,0x00000000ce800000)
 PSPermGen       total 202752K, used 192046K [0x00000000b0000000, 0x00000000bc600000, 0x00000000c0000000)
  object space 202752K, 94% used [0x00000000b0000000,0x00000000bbb8ba50,0x00000000bc600000)
Event: 20043.337 GC heap after
Heap after GC invocations=75 (full 22):
 PSYoungGen      total 295424K, used 0K [0x00000000eaa80000, 0x00000000ffd80000, 0x0000000100000000)
  eden space 244736K, 0% used [0x00000000eaa80000,0x00000000eaa80000,0x00000000f9980000)
  from space 50688K, 0% used [0x00000000f9980000,0x00000000f9980000,0x00000000fcb00000)
  to   space 51200K, 0% used [0x00000000fcb80000,0x00000000fcb80000,0x00000000ffd80000)
 ParOldGen       total 237568K, used 126477K [0x00000000c0000000, 0x00000000ce800000, 0x00000000eaa80000)
  object space 237568K, 53% used [0x00000000c0000000,0x00000000c7b835c0,0x00000000ce800000)
 PSPermGen       total 220160K, used 191412K [0x00000000b0000000, 0x00000000bd700000, 0x00000000c0000000)
  object space 220160K, 86% used [0x00000000b0000000,0x00000000bbaed208,0x00000000bd700000)
}
Event: 20128.995 GC heap before
{Heap before GC invocations=76 (full 22):
 PSYoungGen      total 295424K, used 244736K [0x00000000eaa80000, 0x00000000ffd80000, 0x0000000100000000)
  eden space 244736K, 100% used [0x00000000eaa80000,0x00000000f9980000,0x00000000f9980000)
  from space 50688K, 0% used [0x00000000f9980000,0x00000000f9980000,0x00000000fcb00000)
  to   space 51200K, 0% used [0x00000000fcb80000,0x00000000fcb80000,0x00000000ffd80000)
 ParOldGen       total 237568K, used 126477K [0x00000000c0000000, 0x00000000ce800000, 0x00000000eaa80000)
  object space 237568K, 53% used [0x00000000c0000000,0x00000000c7b835c0,0x00000000ce800000)
 PSPermGen       total 220160K, used 200570K [0x00000000b0000000, 0x00000000bd700000, 0x00000000c0000000)
  object space 220160K, 91% used [0x00000000b0000000,0x00000000bc3de9f0,0x00000000bd700000)
Event: 20129.102 GC heap after
Heap after GC invocations=76 (full 22):
 PSYoungGen      total 296960K, used 22653K [0x00000000eaa80000, 0x00000000ffe80000, 0x0000000100000000)
  eden space 245760K, 0% used [0x00000000eaa80000,0x00000000eaa80000,0x00000000f9a80000)
  from space 51200K, 44% used [0x00000000fcb80000,0x00000000fe19f758,0x00000000ffd80000)
  to   space 50176K, 0% used [0x00000000f9a80000,0x00000000f9a80000,0x00000000fcb80000)
 ParOldGen       total 237568K, used 126477K [0x00000000c0000000, 0x00000000ce800000, 0x00000000eaa80000)
  object space 237568K, 53% used [0x00000000c0000000,0x00000000c7b835c0,0x00000000ce800000)
 PSPermGen       total 220160K, used 200570K [0x00000000b0000000, 0x00000000bd700000, 0x00000000c0000000)
  object space 220160K, 91% used [0x00000000b0000000,0x00000000bc3de9f0,0x00000000bd700000)
}
Event: 20205.904 GC heap before
{Heap before GC invocations=77 (full 22):
 PSYoungGen      total 296960K, used 268413K [0x00000000eaa80000, 0x00000000ffe80000, 0x0000000100000000)
  eden space 245760K, 100% used [0x00000000eaa80000,0x00000000f9a80000,0x00000000f9a80000)
  from space 51200K, 44% used [0x00000000fcb80000,0x00000000fe19f758,0x00000000ffd80000)
  to   space 50176K, 0% used [0x00000000f9a80000,0x00000000f9a80000,0x00000000fcb80000)
 ParOldGen       total 237568K, used 126477K [0x00000000c0000000, 0x00000000ce800000, 0x00000000eaa80000)
  object space 237568K, 53% used [0x00000000c0000000,0x00000000c7b835c0,0x00000000ce800000)
 PSPermGen       total 220160K, used 209395K [0x00000000b0000000, 0x00000000bd700000, 0x00000000c0000000)
  object space 220160K, 95% used [0x00000000b0000000,0x00000000bcc7ce10,0x00000000bd700000)
Event: 20206.028 GC heap after
Heap after GC invocations=77 (full 22):
 PSYoungGen      total 295936K, used 36682K [0x00000000eaa80000, 0x0000000100000000, 0x0000000100000000)
  eden space 245760K, 0% used [0x00000000eaa80000,0x00000000eaa80000,0x00000000f9a80000)
  from space 50176K, 73% used [0x00000000f9a80000,0x00000000fbe52930,0x00000000fcb80000)
  to   space 51200K, 0% used [0x00000000fce00000,0x00000000fce00000,0x0000000100000000)
 ParOldGen       total 237568K, used 126477K [0x00000000c0000000, 0x00000000ce800000, 0x00000000eaa80000)
  object space 237568K, 53% used [0x00000000c0000000,0x00000000c7b835c0,0x00000000ce800000)
 PSPermGen       total 220160K, used 209395K [0x00000000b0000000, 0x00000000bd700000, 0x00000000c0000000)
  object space 220160K, 95% used [0x00000000b0000000,0x00000000bcc7ce10,0x00000000bd700000)
}
Event: 20234.569 GC heap before
{Heap before GC invocations=78 (full 22):
 PSYoungGen      total 295936K, used 239927K [0x00000000eaa80000, 0x0000000100000000, 0x0000000100000000)
  eden space 245760K, 82% used [0x00000000eaa80000,0x00000000f70fb420,0x00000000f9a80000)
  from space 50176K, 73% used [0x00000000f9a80000,0x00000000fbe52930,0x00000000fcb80000)
  to   space 51200K, 0% used [0x00000000fce00000,0x00000000fce00000,0x0000000100000000)
 ParOldGen       total 237568K, used 126477K [0x00000000c0000000, 0x00000000ce800000, 0x00000000eaa80000)
  object space 237568K, 53% used [0x00000000c0000000,0x00000000c7b835c0,0x00000000ce800000)
 PSPermGen       total 220160K, used 217950K [0x00000000b0000000, 0x00000000bd700000, 0x00000000c0000000)
  object space 220160K, 98% used [0x00000000b0000000,0x00000000bd4d7a68,0x00000000bd700000)
Event: 20234.779 GC heap after
Heap after GC invocations=78 (full 22):
 PSYoungGen      total 285184K, used 51181K [0x00000000eaa80000, 0x0000000100000000, 0x0000000100000000)
  eden space 233984K, 0% used [0x00000000eaa80000,0x00000000eaa80000,0x00000000f8f00000)
  from space 51200K, 99% used [0x00000000fce00000,0x00000000ffffb420,0x0000000100000000)
  to   space 57856K, 0% used [0x00000000f8f00000,0x00000000f8f00000,0x00000000fc780000)
 ParOldGen       total 237568K, used 128873K [0x00000000c0000000, 0x00000000ce800000, 0x00000000eaa80000)
  object space 237568K, 54% used [0x00000000c0000000,0x00000000c7dda5f8,0x00000000ce800000)
 PSPermGen       total 220160K, used 217950K [0x00000000b0000000, 0x00000000bd700000, 0x00000000c0000000)
  object space 220160K, 98% used [0x00000000b0000000,0x00000000bd4d7a68,0x00000000bd700000)
}
Event: 20234.779 GC heap before
{Heap before GC invocations=79 (full 23):
 PSYoungGen      total 285184K, used 51181K [0x00000000eaa80000, 0x0000000100000000, 0x0000000100000000)
  eden space 233984K, 0% used [0x00000000eaa80000,0x00000000eaa80000,0x00000000f8f00000)
  from space 51200K, 99% used [0x00000000fce00000,0x00000000ffffb420,0x0000000100000000)
  to   space 57856K, 0% used [0x00000000f8f00000,0x00000000f8f00000,0x00000000fc780000)
 ParOldGen       total 237568K, used 128873K [0x00000000c0000000, 0x00000000ce800000, 0x00000000eaa80000)
  object space 237568K, 54% used [0x00000000c0000000,0x00000000c7dda5f8,0x00000000ce800000)
 PSPermGen       total 220160K, used 217950K [0x00000000b0000000, 0x00000000bd700000, 0x00000000c0000000)
  object space 220160K, 98% used [0x00000000b0000000,0x00000000bd4d7a68,0x00000000bd700000)
Event: 20238.691 GC heap after
Heap after GC invocations=79 (full 23):
 PSYoungGen      total 285184K, used 0K [0x00000000eaa80000, 0x0000000100000000, 0x0000000100000000)
  eden space 233984K, 0% used [0x00000000eaa80000,0x00000000eaa80000,0x00000000f8f00000)
  from space 51200K, 0% used [0x00000000fce00000,0x00000000fce00000,0x0000000100000000)
  to   space 57856K, 0% used [0x00000000f8f00000,0x00000000f8f00000,0x00000000fc780000)
 ParOldGen       total 237568K, used 157255K [0x00000000c0000000, 0x00000000ce800000, 0x00000000eaa80000)
  object space 237568K, 66% used [0x00000000c0000000,0x00000000c9991ca0,0x00000000ce800000)
 PSPermGen       total 251904K, used 217549K [0x00000000b0000000, 0x00000000bf600000, 0x00000000c0000000)
  object space 251904K, 86% used [0x00000000b0000000,0x00000000bd4735f8,0x00000000bf600000)
}

Deoptimization events (10 events):
Event: 19985.271 Thread 0x000000000a013000 Uncommon trap: reason=null_check action=make_not_entrant pc=0x00000000029591c0 method=com.android.ide.common.res2.NodeUtils.processSingleNodeNamespace(Lorg/w3c/dom/Node;Lorg/w3c/dom/Document;)Z @ 8
Event: 19989.262 Thread 0x000000000a013000 Uncommon trap: reason=class_check action=maybe_recompile pc=0x00000000022b07e0 method=java.lang.StringBuilder.append(Ljava/lang/CharSequence;)Ljava/lang/StringBuilder; @ 40
Event: 20039.242 Thread 0x000000000a013000 Uncommon trap: reason=class_check action=maybe_recompile pc=0x00000000027265f8 method=org.gradle.api.internal.changedetection.state.DefaultFileCollectionSnapshotter$FileCollectionSnapshotImpl$2.next(Lorg/gradle/util/ChangeListener;)Z @ 79
Event: 20039.342 Thread 0x000000000a013000 Uncommon trap: reason=bimorphic action=maybe_recompile pc=0x0000000002507e50 method=java.util.regex.Pattern$Branch.study(Ljava/util/regex/Pattern$TreeInfo;)Z @ 57
Event: 20039.404 Thread 0x000000000a013000 Uncommon trap: reason=unreached action=reinterpret pc=0x000000000289f878 method=com.sun.org.apache.xerces.internal.dom.AttrImpl.setValue(Ljava/lang/String;)V @ 74
Event: 20039.408 Thread 0x000000000a013000 Uncommon trap: reason=null_check action=make_not_entrant pc=0x000000000267aca8 method=com.sun.org.apache.xerces.internal.dom.NamedNodeMapImpl.findNamePoint(Ljava/lang/String;Ljava/lang/String;)I @ 105
Event: 20099.355 Thread 0x000000000a013000 Uncommon trap: reason=class_check action=maybe_recompile pc=0x00000000027265f8 method=org.gradle.api.internal.changedetection.state.DefaultFileCollectionSnapshotter$FileCollectionSnapshotImpl$2.next(Lorg/gradle/util/ChangeListener;)Z @ 79
Event: 20136.558 Thread 0x000000000a013000 Uncommon trap: reason=null_check action=make_not_entrant pc=0x000000000298f180 method=com.android.ide.common.res2.NodeUtils.processSingleNodeNamespace(Lorg/w3c/dom/Node;Lorg/w3c/dom/Document;)Z @ 8
Event: 20216.773 Thread 0x000000000b25d800 Uncommon trap: reason=null_check action=make_not_entrant pc=0x00000000029b3500 method=com.android.ide.common.res2.NodeUtils.processSingleNodeNamespace(Lorg/w3c/dom/Node;Lorg/w3c/dom/Document;)Z @ 8
Event: 20336.717 Thread 0x000000000a015800 Uncommon trap: reason=null_check action=make_not_entrant pc=0x00000000029b2380 method=com.android.ide.common.res2.NodeUtils.processSingleNodeNamespace(Lorg/w3c/dom/Node;Lorg/w3c/dom/Document;)Z @ 8

Internal exceptions (10 events):
Event: 20336.587 Thread 0x000000000a015800 Threw 0x00000000f6f4d338 at C:\re\jdk7u71\1605\hotspot\src\share\vm\prims\jvm.cpp:1281
Event: 20336.587 Thread 0x000000000a015800 Threw 0x00000000f6f515f8 at C:\re\jdk7u71\1605\hotspot\src\share\vm\prims\jvm.cpp:1281
Event: 20336.587 Thread 0x000000000a015800 Threw 0x00000000f6f51aa8 at C:\re\jdk7u71\1605\hotspot\src\share\vm\classfile\systemDictionary.cpp:185
Event: 20336.587 Thread 0x000000000a015800 Threw 0x00000000f6f56178 at C:\re\jdk7u71\1605\hotspot\src\share\vm\prims\jvm.cpp:1281
Event: 20336.587 Thread 0x000000000a015800 Threw 0x00000000f6f5a570 at C:\re\jdk7u71\1605\hotspot\src\share\vm\prims\jvm.cpp:1281
Event: 20336.587 Thread 0x000000000a015800 Threw 0x00000000f6f5aa28 at C:\re\jdk7u71\1605\hotspot\src\share\vm\classfile\systemDictionary.cpp:185
Event: 20336.588 Thread 0x000000000a015800 Threw 0x00000000f6f62870 at C:\re\jdk7u71\1605\hotspot\src\share\vm\prims\jvm.cpp:1281
Event: 20336.588 Thread 0x000000000a015800 Threw 0x00000000f6f67348 at C:\re\jdk7u71\1605\hotspot\src\share\vm\prims\jvm.cpp:1281
Event: 20336.588 Thread 0x000000000a015800 Threw 0x00000000f6f67810 at C:\re\jdk7u71\1605\hotspot\src\share\vm\classfile\systemDictionary.cpp:185
Event: 20336.717 Thread 0x000000000a015800 Implicit null exception at 0x00000000029b2257 to 0x00000000029b2373

Events (10 events):
Event: 20336.586 loading class 0x000000000cb7f940 done
Event: 20336.587 loading class 0x000000000cb80660
Event: 20336.587 loading class 0x000000000cb80660 done
Event: 20336.587 loading class 0x000000000cb807a0
Event: 20336.587 loading class 0x000000000cb807a0 done
Event: 20336.588 loading class 0x000000000cb808e0
Event: 20336.588 loading class 0x000000000cb808e0 done
Event: 20336.717 Thread 0x000000000a015800 Uncommon trap: trap_request=0xfffffff4 fr.pc=0x00000000029b2380
Event: 20336.717 Thread 0x000000000a015800 DEOPT PACKING pc=0x00000000029b2380 sp=0x000000000c2db8d0
Event: 20336.717 Thread 0x000000000a015800 DEOPT UNPACKING pc=0x0000000001f875a4 sp=0x000000000c2db860 mode 2


Dynamic libraries:
0x00007ff70b020000 - 0x00007ff70b053000 	C:\Program Files\Java\jdk1.7.0_71\bin\java.exe
0x00007ff9feed0000 - 0x00007ff9ff07c000 	C:\WINDOWS\SYSTEM32\ntdll.dll
0x00007ff9fe0c0000 - 0x00007ff9fe1fa000 	C:\WINDOWS\system32\KERNEL32.DLL
0x00007ff9fc640000 - 0x00007ff9fc74f000 	C:\WINDOWS\system32\KERNELBASE.dll
0x00007ff9fae50000 - 0x00007ff9faed8000 	C:\WINDOWS\system32\apphelp.dll
0x00007ff9ecad0000 - 0x00007ff9ecb1f000 	C:\WINDOWS\AppPatch\AppPatch64\AcGenral.DLL
0x00007ff9fe240000 - 0x00007ff9fe2e7000 	C:\WINDOWS\system32\msvcrt.dll
0x00007ff9fc0f0000 - 0x00007ff9fc11b000 	C:\WINDOWS\SYSTEM32\SspiCli.dll
0x00007ff9fe9b0000 - 0x00007ff9fea01000 	C:\WINDOWS\system32\SHLWAPI.dll
0x00007ff9fc750000 - 0x00007ff9fc8c1000 	C:\WINDOWS\system32\USER32.dll
0x00007ff9fecb0000 - 0x00007ff9fee28000 	C:\WINDOWS\system32\ole32.dll
0x00007ff9fcca0000 - 0x00007ff9fe0af000 	C:\WINDOWS\system32\SHELL32.dll
0x00007ff9fbba0000 - 0x00007ff9fbbbe000 	C:\WINDOWS\SYSTEM32\USERENV.dll
0x00007ff9fcbf0000 - 0x00007ff9fcc95000 	C:\WINDOWS\system32\ADVAPI32.dll
0x00007ff9ee990000 - 0x00007ff9ee9ab000 	C:\WINDOWS\SYSTEM32\MPR.dll
0x00007ff9fc8d0000 - 0x00007ff9fca07000 	C:\WINDOWS\system32\RPCRT4.dll
0x00007ff9fcb80000 - 0x00007ff9fcbd7000 	C:\WINDOWS\SYSTEM32\sechost.dll
0x00007ff9fe620000 - 0x00007ff9fe7f6000 	C:\WINDOWS\SYSTEM32\combase.dll
0x00007ff9fea10000 - 0x00007ff9feb54000 	C:\WINDOWS\system32\GDI32.dll
0x00007ff9fc240000 - 0x00007ff9fc254000 	C:\WINDOWS\SYSTEM32\profapi.dll
0x00007ff9fa6c0000 - 0x00007ff9fa75f000 	C:\WINDOWS\SYSTEM32\SHCORE.dll
0x00007ff9fe200000 - 0x00007ff9fe234000 	C:\WINDOWS\system32\IMM32.DLL
0x00007ff9fe300000 - 0x00007ff9fe439000 	C:\WINDOWS\system32\MSCTF.dll
0x00007ff9f9da0000 - 0x00007ff9f9ffa000 	C:\WINDOWS\WinSxS\amd64_microsoft.windows.common-controls_6595b64144ccf1df_6.0.9600.17031_none_6242a4b3ecbb55a1\COMCTL32.dll
0x00000000639b0000 - 0x0000000063a82000 	C:\Program Files\Java\jdk1.7.0_71\jre\bin\msvcr100.dll
0x0000000063e40000 - 0x0000000064613000 	C:\Program Files\Java\jdk1.7.0_71\jre\bin\server\jvm.dll
0x00007ff9e6b70000 - 0x00007ff9e6b79000 	C:\WINDOWS\SYSTEM32\WSOCK32.dll
0x00007ff9f69b0000 - 0x00007ff9f69cf000 	C:\WINDOWS\SYSTEM32\WINMM.dll
0x00007ff9fe800000 - 0x00007ff9fe807000 	C:\WINDOWS\system32\PSAPI.DLL
0x00007ff9fcb20000 - 0x00007ff9fcb78000 	C:\WINDOWS\system32\WS2_32.dll
0x00007ff9f6980000 - 0x00007ff9f69aa000 	C:\WINDOWS\SYSTEM32\WINMMBASE.dll
0x00007ff9fe0b0000 - 0x00007ff9fe0b9000 	C:\WINDOWS\system32\NSI.dll
0x00007ff9fc310000 - 0x00007ff9fc35a000 	C:\WINDOWS\SYSTEM32\cfgmgr32.dll
0x00007ff9fb0c0000 - 0x00007ff9fb0e6000 	C:\WINDOWS\SYSTEM32\DEVOBJ.dll
0x0000000063e30000 - 0x0000000063e3f000 	C:\Program Files\Java\jdk1.7.0_71\jre\bin\verify.dll
0x0000000063e00000 - 0x0000000063e28000 	C:\Program Files\Java\jdk1.7.0_71\jre\bin\java.dll
0x0000000063de0000 - 0x0000000063df5000 	C:\Program Files\Java\jdk1.7.0_71\jre\bin\zip.dll
0x0000000063dc0000 - 0x0000000063dd9000 	C:\Program Files\Java\jdk1.7.0_71\jre\bin\net.dll
0x00007ff9fbb00000 - 0x00007ff9fbb58000 	C:\WINDOWS\system32\mswsock.dll
0x0000000063da0000 - 0x0000000063db1000 	C:\Program Files\Java\jdk1.7.0_71\jre\bin\nio.dll
0x00007ff9fbb60000 - 0x00007ff9fbb7e000 	C:\WINDOWS\SYSTEM32\CRYPTSP.dll
0x00007ff9fb730000 - 0x00007ff9fb765000 	C:\WINDOWS\system32\rsaenh.dll
0x00007ff9fbdf0000 - 0x00007ff9fbe16000 	C:\WINDOWS\SYSTEM32\bcrypt.dll
0x00007ff9fc120000 - 0x00007ff9fc180000 	C:\WINDOWS\system32\bcryptprimitives.dll
0x00007ff9fc180000 - 0x00007ff9fc18a000 	C:\WINDOWS\SYSTEM32\CRYPTBASE.dll
0x00007ff9f7070000 - 0x00007ff9f7099000 	C:\WINDOWS\SYSTEM32\IPHLPAPI.DLL
0x00007ff9f7020000 - 0x00007ff9f702a000 	C:\WINDOWS\SYSTEM32\WINNSI.DLL
0x00007ff9f6020000 - 0x00007ff9f6034000 	C:\WINDOWS\SYSTEM32\dhcpcsvc6.DLL
0x00007ff9f6410000 - 0x00007ff9f6429000 	C:\WINDOWS\SYSTEM32\dhcpcsvc.DLL
0x00007ff9ed0d0000 - 0x00007ff9ed0e2000 	C:\Users\Corinne\AppData\Local\Temp\native-platform5844506989783730664dir\native-platform.dll

VM Arguments:
jvm_args: -XX:MaxPermSize=256m -XX:+HeapDumpOnOutOfMemoryError -Xmx1024m -Dfile.encoding=windows-1252 -Duser.country=US -Duser.language=en -Duser.variant 
java_command: org.gradle.launcher.daemon.bootstrap.GradleDaemon 2.2.1 C:\Users\Corinne\.gradle\daemon 10800000 453c067e-ab56-4184-be44-0deb7de78f42 -XX:MaxPermSize=256m -XX:+HeapDumpOnOutOfMemoryError -Xmx1024m -Dfile.encoding=windows-1252 -Duser.country=US -Duser.language=en -Duser.variant
Launcher Type: SUN_STANDARD

Environment Variables:
PATH=C:\ProgramData\Oracle\Java\javapath;C:\WINDOWS\system32;C:\WINDOWS;C:\WINDOWS\System32\Wbem;C:\WINDOWS\System32\WindowsPowerShell\v1.0\;C:\Program Files\Microsoft\Web Platform Installer\;C:\Program Files (x86)\Microsoft ASP.NET\ASP.NET Web Pages\v1.0\;C:\Program Files\Microsoft SQL Server\110\Tools\Binn\;C:\Program Files (x86)\Windows Live\Shared;C:\Program Files\Microsoft SQL Server\120\Tools\Binn\;C:\Program Files (x86)\Windows Kits\8.1\Windows Performance Toolkit\;C:\Program Files (x86)\Microsoft SDKs\TypeScript\1.4\
USERNAME=Corinne
OS=Windows_NT
PROCESSOR_IDENTIFIER=Intel64 Family 6 Model 58 Stepping 9, GenuineIntel



---------------  S Y S T E M  ---------------

OS: Windows 8.1 , 64 bit Build 9600 

CPU:total 4 (2 cores per cpu, 2 threads per core) family 6 model 58 stepping 9, cmov, cx8, fxsr, mmx, sse, sse2, sse3, ssse3, sse4.1, sse4.2, popcnt, avx, aes, erms, ht, tsc, tscinvbit, tscinv

Memory: 4k page, physical 8264984k(1047184k free), swap 11410712k(5536k free)

vm_info: Java HotSpot(TM) 64-Bit Server VM (24.71-b01) for windows-amd64 JRE (1.7.0_71-b14), built on Sep 26 2014 16:16:12 by "java_re" with unknown MS VC++:1600

time: Thu Feb 26 19:48:19 2015
elapsed time: 20336 seconds

